Using pre-set license
Built from '2020.3/staging' branch; Version is '2020.3.17f1 (a4537701e4ab) revision 10769271'; Using compiler version '192528614'; Build Type 'Release'
OS: 'Windows 10 Education; OS build 22631.3296; Version 2009; 64bit' Language: 'ko' Physical Memory: 15711 MB
BatchMode: 1, IsHumanControllingUs: 0, StartBugReporterOnCrash: 0, Is64bit: 1, IsPro: 0

COMMAND LINE ARGUMENTS:
C:\Program Files\Unity\Hub\Editor\2020.3.17f1\Editor\Unity.exe
-adb2
-batchMode
-noUpm
-name
AssetImportWorker0
-projectPath
C:/Users/Owner/Documents/GitHub/Unity_Design_Patterns/UnityDesignPatterns
-logFile
Logs/AssetImportWorker0.log
-srvPort
53202
Successfully changed project path to: C:/Users/Owner/Documents/GitHub/Unity_Design_Patterns/UnityDesignPatterns
C:/Users/Owner/Documents/GitHub/Unity_Design_Patterns/UnityDesignPatterns
Using Asset Import Pipeline V2.
Refreshing native plugins compatible for Editor in 22.73 ms, found 2 plugins.
Preloading 0 native plugins for Editor in 0.00 ms.
Initialize engine version: 2020.3.17f1 (a4537701e4ab)
[Subsystems] Discovering subsystems at path C:/Program Files/Unity/Hub/Editor/2020.3.17f1/Editor/Data/Resources/UnitySubsystems
[Subsystems] Discovering subsystems at path C:/Users/Owner/Documents/GitHub/Unity_Design_Patterns/UnityDesignPatterns/Assets
GfxDevice: creating device client; threaded=0
Direct3D:
    Version:  Direct3D 11.0 [level 11.1]
    Renderer: NVIDIA GeForce RTX 3060 Ti (ID=0x2489)
    Vendor:   
    VRAM:     8024 MB
    Driver:   31.0.15.5186
Initialize mono
Mono path[0] = 'C:/Program Files/Unity/Hub/Editor/2020.3.17f1/Editor/Data/Managed'
Mono path[1] = 'C:/Program Files/Unity/Hub/Editor/2020.3.17f1/Editor/Data/MonoBleedingEdge/lib/mono/unityjit'
Mono config path = 'C:/Program Files/Unity/Hub/Editor/2020.3.17f1/Editor/Data/MonoBleedingEdge/etc'
Using monoOptions --debugger-agent=transport=dt_socket,embedding=1,server=y,suspend=n,address=127.0.0.1:56020
Begin MonoManager ReloadAssembly
Registering precompiled unity dll's ...
Register platform support module: C:/Program Files/Unity/Hub/Editor/2020.3.17f1/Editor/Data/PlaybackEngines/WindowsStandaloneSupport/UnityEditor.WindowsStandalone.Extensions.dll
Registered in 0.001226 seconds.
Native extension for WindowsStandalone target not found
Refreshing native plugins compatible for Editor in 29.45 ms, found 2 plugins.
Preloading 0 native plugins for Editor in 0.00 ms.
Mono: successfully reloaded assembly
- Completed reload, in  2.255 seconds
Domain Reload Profiling:
	ReloadAssembly (2255ms)
		BeginReloadAssembly (46ms)
			ExecutionOrderSort (0ms)
			DisableScriptedObjects (0ms)
			BackupInstance (0ms)
			ReleaseScriptingObjects (0ms)
			CreateAndSetChildDomain (1ms)
		EndReloadAssembly (385ms)
			LoadAssemblies (45ms)
			RebuildTransferFunctionScriptingTraits (0ms)
			SetupTypeCache (162ms)
			ReleaseScriptCaches (0ms)
			RebuildScriptCaches (24ms)
			SetupLoadedEditorAssemblies (136ms)
				LogAssemblyErrors (0ms)
				InitializePlatformSupportModulesInManaged (4ms)
				SetLoadedEditorAssemblies (0ms)
				RefreshPlugins (30ms)
				BeforeProcessingInitializeOnLoad (11ms)
				ProcessInitializeOnLoadAttributes (62ms)
				ProcessInitializeOnLoadMethodAttributes (29ms)
				AfterProcessingInitializeOnLoad (0ms)
				EditorAssembliesLoaded (0ms)
			ExecutionOrderSort2 (0ms)
			AwakeInstancesAfterBackupRestoration (0ms)
Platform modules already initialized, skipping
Registering precompiled user dll's ...
Registered in 0.002402 seconds.
Begin MonoManager ReloadAssembly
Native extension for WindowsStandalone target not found
Refreshing native plugins compatible for Editor in 0.33 ms, found 2 plugins.
Preloading 0 native plugins for Editor in 0.00 ms.
Mono: successfully reloaded assembly
- Completed reload, in  0.845 seconds
Domain Reload Profiling:
	ReloadAssembly (846ms)
		BeginReloadAssembly (113ms)
			ExecutionOrderSort (0ms)
			DisableScriptedObjects (4ms)
			BackupInstance (0ms)
			ReleaseScriptingObjects (0ms)
			CreateAndSetChildDomain (17ms)
		EndReloadAssembly (690ms)
			LoadAssemblies (64ms)
			RebuildTransferFunctionScriptingTraits (0ms)
			SetupTypeCache (233ms)
			ReleaseScriptCaches (0ms)
			RebuildScriptCaches (29ms)
			SetupLoadedEditorAssemblies (286ms)
				LogAssemblyErrors (0ms)
				InitializePlatformSupportModulesInManaged (4ms)
				SetLoadedEditorAssemblies (0ms)
				RefreshPlugins (0ms)
				BeforeProcessingInitializeOnLoad (62ms)
				ProcessInitializeOnLoadAttributes (212ms)
				ProcessInitializeOnLoadMethodAttributes (4ms)
				AfterProcessingInitializeOnLoad (3ms)
				EditorAssembliesLoaded (0ms)
			ExecutionOrderSort2 (0ms)
			AwakeInstancesAfterBackupRestoration (6ms)
Platform modules already initialized, skipping
========================================================================
Worker process is ready to serve import requests
Launched and connected shader compiler UnityShaderCompiler.exe after 0.05 seconds
Refreshing native plugins compatible for Editor in 0.51 ms, found 2 plugins.
Preloading 0 native plugins for Editor in 0.00 ms.
Unloading 1425 Unused Serialized files (Serialized files now loaded: 0)
System memory in use before: 65.6 MB.
System memory in use after: 65.7 MB.

Unloading 17 unused Assets to reduce memory usage. Loaded Objects now: 1858.
Total: 2.791700 ms (FindLiveObjects: 0.151700 ms CreateObjectMapping: 0.028800 ms MarkObjects: 2.553400 ms  DeleteObjects: 0.056800 ms)

AssetImportParameters requested are different than current active one (requested -> active):
  custom:framework-win-MediaFoundation: 216162199b28c13a410421893ffa2e32 -> 
  custom:video-decoder-ogg-theora: a1e56fd34408186e4bbccfd4996cb3dc -> 
  custom:container-muxer-webm: aa71ff27fc2769a1b78a27578f13a17b -> 
  custom:container-demuxer-webm: 4f35f7cbe854078d1ac9338744f61a02 -> 
  custom:container-demuxer-ogg: 62fdf1f143b41e24485cea50d1cbac27 -> 
  custom:video-encoder-webm-vp8: eb34c28f22e8b96e1ab97ce403110664 -> 
  custom:video-decoder-webm-vp8: 9c59270c3fd7afecdb556c50c9e8de78 -> 
  custom:audio-decoder-ogg-vorbis: bf7c407c2cedff20999df2af8eb42d56 -> 
  custom:audio-encoder-webm-vorbis: bf7c407c2cedff20999df2af8eb42d56 -> 
========================================================================
Received Import Request.
  path: Assets/command pattern/command pattern example.unity
  artifactKey: Guid(84db78d1aa884244cb57b98cac903f64) Importer(815301076,1909f56bfc062723c751e8b465ee728b)
Start importing Assets/command pattern/command pattern example.unity using Guid(84db78d1aa884244cb57b98cac903f64) Importer(815301076,1909f56bfc062723c751e8b465ee728b)  -> (artifact id: '2ff8c5f6b134abca9cb861ec7bb60da4') in 0.014491 seconds 
  Import took 0.016481 seconds .

========================================================================
Received Import Request.
  Time since last request: 13.943130 seconds.
  path: Assets/abstract factory
  artifactKey: Guid(603766d2f6b3c47498bd83b432c95282) Importer(815301076,1909f56bfc062723c751e8b465ee728b)
Start importing Assets/abstract factory using Guid(603766d2f6b3c47498bd83b432c95282) Importer(815301076,1909f56bfc062723c751e8b465ee728b)  -> (artifact id: '6e5c380800cc75ad3423cb718db3aed8') in 0.006805 seconds 
  Import took 0.008958 seconds .

========================================================================
Received Import Request.
  Time since last request: 1.872348 seconds.
  path: Assets/abstract factory/example
  artifactKey: Guid(eda41969ca03c034fa9aee8acb8eeadb) Importer(815301076,1909f56bfc062723c751e8b465ee728b)
Start importing Assets/abstract factory/example using Guid(eda41969ca03c034fa9aee8acb8eeadb) Importer(815301076,1909f56bfc062723c751e8b465ee728b)  -> (artifact id: '89aa0a75798f5f91390ef45233998941') in 0.006490 seconds 
  Import took 0.008500 seconds .

========================================================================
Received Import Request.
  Time since last request: 0.460888 seconds.
  path: Assets/abstract factory/structure
  artifactKey: Guid(9530437a827448a49810a2d6ee08f86e) Importer(815301076,1909f56bfc062723c751e8b465ee728b)
Start importing Assets/abstract factory/structure using Guid(9530437a827448a49810a2d6ee08f86e) Importer(815301076,1909f56bfc062723c751e8b465ee728b)  -> (artifact id: '8357f1ccaf913aeaf0cefeead10ef4d2') in 0.006592 seconds 
  Import took 0.008582 seconds .

========================================================================
Received Import Request.
  Time since last request: 1.318733 seconds.
  path: Assets/abstract factory/structure/AbstractFactory.cs
  artifactKey: Guid(0b8b0a3d79f0d324d910961ee51c6a64) Importer(815301076,1909f56bfc062723c751e8b465ee728b)
Start importing Assets/abstract factory/structure/AbstractFactory.cs using Guid(0b8b0a3d79f0d324d910961ee51c6a64) Importer(815301076,1909f56bfc062723c751e8b465ee728b)  -> (artifact id: 'fe92241aea6730b2d4b42b7647a431b7') in 0.049434 seconds 
  Import took 0.051615 seconds .

========================================================================
Received Import Request.
  Time since last request: 9.195613 seconds.
  path: Assets/command pattern/InputHandler.cs
  artifactKey: Guid(65852039ecae1544bb206a2d800923b0) Importer(815301076,1909f56bfc062723c751e8b465ee728b)
Start importing Assets/command pattern/InputHandler.cs using Guid(65852039ecae1544bb206a2d800923b0) Importer(815301076,1909f56bfc062723c751e8b465ee728b)  -> (artifact id: 'b84e7b9b3398c54f9e61372452e01a9e') in 0.007799 seconds 
  Import took 0.010698 seconds .

========================================================================
Received Import Request.
  Time since last request: 0.402202 seconds.
  path: Assets/command pattern/MoveCommand.cs
  artifactKey: Guid(6640f3d189ff07f429337a511fb740f1) Importer(815301076,1909f56bfc062723c751e8b465ee728b)
Start importing Assets/command pattern/MoveCommand.cs using Guid(6640f3d189ff07f429337a511fb740f1) Importer(815301076,1909f56bfc062723c751e8b465ee728b)  -> (artifact id: 'b12deda49d4eea00f411ea1394e89aff') in 0.007881 seconds 
  Import took 0.010001 seconds .

========================================================================
Received Import Request.
  Time since last request: 0.000473 seconds.
  path: Assets/command pattern/MoveCommand.cs
  artifactKey: Guid(6640f3d189ff07f429337a511fb740f1) Importer(815301076,1909f56bfc062723c751e8b465ee728b)
Start importing Assets/command pattern/MoveCommand.cs using Guid(6640f3d189ff07f429337a511fb740f1) Importer(815301076,1909f56bfc062723c751e8b465ee728b)  -> (artifact id: 'b12deda49d4eea00f411ea1394e89aff') in 0.002104 seconds 
  Import took 0.004137 seconds .

AssetImportWorkerClient::OnTransportError - code=2 error=End of file
